<?xml version="1.0" encoding="UTF-8" ?>
<testsuite tests="7" failures="0" name="cmpe202.flightreservation.AppTest" time="0.054" errors="0" skipped="0">
  <properties>
[...]
</properties>
  <testcase classname="cmpe202.flightreservation.AppTest" name="evaluateSingletonClassTest" time="0.019"/>
  <testcase classname="cmpe202.flightreservation.AppTest" name="validatePaymentStrategyHandlerTest" time="0.02"/>
  <testcase classname="cmpe202.flightreservation.AppTest" name="validateSeatHandlerTest" time="0.006"/>
  <testcase classname="cmpe202.flightreservation.AppTest" name="validateCategoryHandlerTest" time="0.002"/>
  <testcase classname="cmpe202.flightreservation.AppTest" name="evaluateFlightObjectTest" time="0.001"/>
  <testcase classname="cmpe202.flightreservation.AppTest" name="validateRunClientTest" time="0.004"/>
  <testcase classname="cmpe202.flightreservation.AppTest" name="validateFlightHandlerTest" time="0.002"/>
</testsuite>